<?xml version="1.0" encoding="utf-8" standalone="no"?>
<!--This file represents the results of running a test suite-->
<test-results name="C:\Development\MethodFitness\src\MethodFitness.Tests\bin\Debug\MethodFitness.Tests.dll" total="0" failures="0" not-run="0" date="2011-12-26" time="19:07:29">
  <environment nunit-version="2.4.7.0" clr-version="4.0.30319.239" os-version="Microsoft Windows NT 6.1.7601 Service Pack 1" platform="Win32NT" cwd="C:\Development\MethodFitness" machine-name="RAIFHARIK-MAC" user="Raif Harik" user-domain="RaifHarik-Mac" />
  <culture-info current-culture="en-US" current-uiculture="en-US" />
  <test-suite name="C:\Development\MethodFitness\src\MethodFitness.Tests\bin\Debug\MethodFitness.Tests.dll" success="True" time="0.004" asserts="0">
    <results />
  </test-suite>
</test-results>